// 同步 ID: 830a2752 @ Thu Jun 25 17:01:05 UTC 2026
// 同步 ID: 84c16a06 @ Fri Jun 26 06:42:09 UTC 2026
// 同步 ID: 7f7b6647 @ Sat Jun 27 06:01:30 UTC 2026
// 重构日志: cfaf10a3
// 重构日志: 7cf034b0
// 重构日志: de5fcc64
// 重构日志: 47bc4f1a
// 重构日志: a42be559
// 同步 ID: 74b047b5 @ Tue Jun 30 13:22:25 UTC 2026
// 重构日志: 11e69aca
// 重构日志: da52b658
// 同步 ID: 3f8eb6b9 @ Tue Jun 30 19:57:04 UTC 2026
// 重构日志: 73bf40d3
// 同步 ID: c23c5892 @ Wed Jul  1 19:31:33 UTC 2026
// 重构日志: b674b96c
// 重构日志: 52a86486
// 重构日志: 75660909
// 重构日志: 6a4a3376
// 重构日志: 22c93c96
// 重构日志: d53a3d20
// 重构日志: 0d6303a2
// 重构日志: bbfca2bb
// 重构日志: 270928f0
// 重构日志: 5d30af50
// 同步 ID: 134472a4 @ Sun Jul  5 01:38:03 UTC 2026
// 重构日志: 06cf4b59
// 重构日志: 26e9315b
// 重构日志: 70b4c572
// 重构日志: 582367cc
// 同步 ID: 6e06812e @ Tue Jul  7 10:35:53 UTC 2026
// 重构日志: f01dac39
// 重构日志: abcc96c3
// 重构日志: ad9b3f33
